<?xml version="1.0" encoding="UTF-8"?>
<!-- Generated by org.testng.reporters.JUnitXMLReporter -->
<testsuite hostname="Denyss-MBP.home" ignored="7" name="Test" tests="2" failures="0" timestamp="2020-02-25T05:10:17 EST" time="0.048" errors="0">
  <testcase name="loginByFacebook" time="0.008" classname="day19.Grouping"/>
  <testcase name="loginByTwitter" time="0.002" classname="day19.Grouping"/>
  <testcase name="paymentInnRuppes" time="0.0" classname="day19.Grouping">
    <ignored/>
  </testcase> <!-- paymentInnRuppes -->
  <testcase name="signUpByEmail" time="0.0" classname="day19.Grouping">
    <ignored/>
  </testcase> <!-- signUpByEmail -->
  <testcase name="signUpByFAcebook" time="0.0" classname="day19.Grouping">
    <ignored/>
  </testcase> <!-- signUpByFAcebook -->
  <testcase name="paymentREturnByBank" time="0.0" classname="day19.Grouping">
    <ignored/>
  </testcase> <!-- paymentREturnByBank -->
  <testcase name="loginByEmail" time="0.0" classname="day19.Grouping">
    <ignored/>
  </testcase> <!-- loginByEmail -->
  <testcase name="signUpByTwitter" time="0.0" classname="day19.Grouping">
    <ignored/>
  </testcase> <!-- signUpByTwitter -->
  <testcase name="paymentInDollar" time="0.0" classname="day19.Grouping">
    <ignored/>
  </testcase> <!-- paymentInDollar -->
</testsuite> <!-- Test -->
