<?xml version="1.0" encoding="UTF-8"?>
<!-- Generated by org.testng.reporters.JUnitXMLReporter -->
<testsuite hostname="Denyss-MBP.home" ignored="0" name="listenertest" tests="3" failures="1" timestamp="2020-02-29T08:02:23 EST" time="0.049" errors="0">
  <testcase name="test1" time="0.01" classname="day21.ListenerTest"/>
  <testcase name="test2" time="0.001" classname="day21.ListenerTest">
    <failure type="java.lang.AssertionError" message="expected [B] but found [A]">
      <![CDATA[java.lang.AssertionError: expected [B] but found [A]
at day21.ListenerTest.test2(ListenerTest.java:16)
at java.util.ArrayList.forEach(ArrayList.java:1257)
... Removed 32 stack frames]]>
    </failure>
  </testcase> <!-- test2 -->
  <testcase name="test3" time="0.001" classname="day21.ListenerTest">
    <skipped/>
  </testcase> <!-- test3 -->
</testsuite> <!-- listenertest -->
