<?xml version="1.0" encoding="UTF-8"?>
<!-- Generated by org.testng.reporters.JUnitXMLReporter -->
<testsuite hostname="Denyss-MBP.home" name="extenttest" tests="3" failures="1" timestamp="8 Mar 2020 10:59:54 GMT" time="14.216" errors="0">
  <testcase name="logoTest" time="0.007" classname="extentReport.LoginTest">
    <failure type="java.lang.AssertionError" message="expected [B] but found [A]">
      <![CDATA[java.lang.AssertionError: expected [B] but found [A]
	at extentReport.LoginTest.logoTest(LoginTest.java:26)
... Removed 30 stack frames]]>
    </failure>
  </testcase> <!-- logoTest -->
  <testcase name="loginTest" time="5.836" classname="extentReport.LoginTest"/>
  <testcase name="logoutTest" time="5.173" classname="extentReport.LoginTest"/>
</testsuite> <!-- extenttest -->
